Arguments: 
  /Users/simondepelchin/.nvm/versions/node/v11.2.0/bin/node /usr/local/Cellar/yarn/1.19.2/libexec/bin/yarn.js link

PATH: 
  /Users/simondepelchin/.nvm/versions/node/v11.2.0/bin:/Users/simondepelchin/bin:/usr/local/bin:/Users/simondepelchin/.composer/vendor/bin:/usr/local/bin:/usr/bin:/bin:/usr/sbin:/sbin

Yarn version: 
  1.19.2

Node version: 
  11.2.0

Platform: 
  darwin x64

Trace: 
  Error: ENOENT: no such file or directory, symlink '../../../../Users/simondepelchin/.config/yarn/link/@depsimon/tio/bin/tio' -> '/usr/local/bin/@depsimon/tio'

npm manifest: 
  {
    "name": "@depsimon/tio",
    "version": "1.0.0",
    "license": "MIT",
    "author": "Simon Depelchin",
    "publishConfig": {
      "access": "public"
    },
    "bin": {
      "@depsimon/tio": "bin/tio",
      "tio": "bin/tio"
    },
    "devDependencies": {
      "esm": "^3.2.25"
    },
    "dependencies": {
      "arg": "^4.1.2"
    }
  }

yarn manifest: 
  No manifest

Lockfile: 
  No lockfile
